Copiando container...
Criando pastas temporárias...
Copiando input...
Executando...
Task 88 using 8 threads
Tarefa 88 thread 6 soma parcial = 1000.000000
Tarefa 88 thread 0 soma parcial = 1000.000000
Tarefa 88 thread 5 soma parcial = 1000.000000
Tarefa 88 thread 7 soma parcial = 1000.000000
Tarefa 88 thread 2 soma parcial = 1000.000000
Tarefa 88 thread 4 soma parcial = 1000.000000
Tarefa 88 thread 3 soma parcial = 1000.000000
Tarefa 88 thread 1 soma parcial = 1000.000000
Tarefa 88 soma parcial = 8000.000000
Task 69 using 8 threads
Tarefa 69 thread 2 soma parcial = 1000.000000
Tarefa 69 thread 3 soma parcial = 1000.000000
Tarefa 69 thread 4 soma parcial = 1000.000000
Tarefa 69 thread 0 soma parcial = 1000.000000
Tarefa 69 thread 7 soma parcial = 1000.000000
Tarefa 69 thread 6 soma parcial = 1000.000000
Tarefa 69 thread 1 soma parcial = 1000.000000
Tarefa 69 thread 5 soma parcial = 1000.000000
Tarefa 69 soma parcial = 8000.000000
Task 80 using 8 threads
Tarefa 80 thread 0 soma parcial = 1000.000000
Tarefa 80 thread 7 soma parcial = 1000.000000
Tarefa 80 thread 6 soma parcial = 1000.000000
Tarefa 80 thread 5 soma parcial = 1000.000000
Tarefa 80 thread 4 soma parcial = 1000.000000
Tarefa 80 thread 3 soma parcial = 1000.000000
Tarefa 80 thread 1 soma parcial = 1000.000000
Tarefa 80 thread 2 soma parcial = 1000.000000
Tarefa 80 soma parcial = 8000.000000
Task 81 using 8 threads
Tarefa 81 thread 1 soma parcial = 1000.000000
Tarefa 81 thread 2 soma parcial = 1000.000000
Tarefa 81 thread 5 soma parcial = 1000.000000
Tarefa 81 thread 4 soma parcial = 1000.000000
Tarefa 81 thread 6 soma parcial = 1000.000000
Tarefa 81 thread 3 soma parcial = 1000.000000
Tarefa 81 thread 7 soma parcial = 1000.000000
Tarefa 81 thread 0 soma parcial = 1000.000000
Tarefa 81 soma parcial = 8000.000000
Task 60 using 8 threads
Tarefa 60 thread 0 soma parcial = 1000.000000
Tarefa 60 thread 5 soma parcial = 1000.000000
Tarefa 60 thread 6 soma parcial = 1000.000000
Tarefa 60 thread 4 soma parcial = 1000.000000
Tarefa 60 thread 7 soma parcial = 1000.000000
Tarefa 60 thread 3 soma parcial = 1000.000000
Tarefa 60 thread 1 soma parcial = 1000.000000
Tarefa 60 thread 2 soma parcial = 1000.000000
Tarefa 60 soma parcial = 8000.000000
Task 17 using 8 threads
Tarefa 17 thread 1 soma parcial = 1000.000000
Tarefa 17 thread 2 soma parcial = 1000.000000
Tarefa 17 thread 0 soma parcial = 1000.000000
Tarefa 17 thread 6 soma parcial = 1000.000000
Tarefa 17 thread 5 soma parcial = 1000.000000
Tarefa 17 thread 7 soma parcial = 1000.000000
Tarefa 17 thread 4 soma parcial = 1000.000000
Tarefa 17 thread 3 soma parcial = 1000.000000
Tarefa 17 soma parcial = 8000.000000
Task 90 using 8 threads
Tarefa 90 thread 0 soma parcial = 1000.000000
Tarefa 90 thread 7 soma parcial = 1000.000000
Tarefa 90 thread 3 soma parcial = 1000.000000
Tarefa 90 thread 4 soma parcial = 1000.000000
Tarefa 90 thread 1 soma parcial = 1000.000000
Tarefa 90 thread 6 soma parcial = 1000.000000
Tarefa 90 thread 2 soma parcial = 1000.000000
Tarefa 90 thread 5 soma parcial = 1000.000000
Tarefa 90 soma parcial = 8000.000000
Task 79 using 8 threads
Tarefa 79 thread 0 soma parcial = 1000.000000
Tarefa 79 thread 5 soma parcial = 1000.000000
Tarefa 79 thread 6 soma parcial = 1000.000000
Tarefa 79 thread 7 soma parcial = 1000.000000
Tarefa 79 thread 2 soma parcial = 1000.000000
Tarefa 79 thread 4 soma parcial = 1000.000000
Tarefa 79 thread 3 soma parcial = 1000.000000
Tarefa 79 thread 1 soma parcial = 1000.000000
Tarefa 79 soma parcial = 8000.000000
Task 39 using 8 threads
Tarefa 39 thread 0 soma parcial = 1000.000000
Tarefa 39 thread 1 soma parcial = 1000.000000
Tarefa 39 thread 2 soma parcial = 1000.000000
Tarefa 39 thread 3 soma parcial = 1000.000000
Tarefa 39 thread 4 soma parcial = 1000.000000
Tarefa 39 thread 5 soma parcial = 1000.000000
Tarefa 39 thread 6 soma parcial = 1000.000000
Tarefa 39 thread 7 soma parcial = 1000.000000
Tarefa 39 soma parcial = 8000.000000
Task 97 using 8 threads
Tarefa 97 thread 0 soma parcial = 1000.000000
Tarefa 97 thread 7 soma parcial = 1000.000000
Tarefa 97 thread 6 soma parcial = 1000.000000
Tarefa 97 thread 5 soma parcial = 1000.000000
Tarefa 97 thread 4 soma parcial = 1000.000000
Tarefa 97 thread 3 soma parcial = 1000.000000
Tarefa 97 thread 2 soma parcial = 1000.000000
Tarefa 97 thread 1 soma parcial = 1000.000000
Tarefa 97 soma parcial = 8000.000000
Task 42 using 8 threads
Tarefa 42 thread 0 soma parcial = 1000.000000
Tarefa 42 thread 7 soma parcial = 1000.000000
Tarefa 42 thread 5 soma parcial = 1000.000000
Tarefa 42 thread 6 soma parcial = 1000.000000
Tarefa 42 thread 4 soma parcial = 1000.000000
Tarefa 42 thread 3 soma parcial = 1000.000000
Tarefa 42 thread 2 soma parcial = 1000.000000
Tarefa 42 thread 1 soma parcial = 1000.000000
Tarefa 42 soma parcial = 8000.000000
Task 3 using 8 threads
Tarefa 3 thread 2 soma parcial = 1000.000000
Tarefa 3 thread 3 soma parcial = 1000.000000
Tarefa 3 thread 1 soma parcial = 1000.000000
Tarefa 3 thread 0 soma parcial = 1000.000000
Tarefa 3 thread 4 soma parcial = 1000.000000
Tarefa 3 thread 7 soma parcial = 1000.000000
Tarefa 3 thread 5 soma parcial = 1000.000000
Tarefa 3 thread 6 soma parcial = 1000.000000
Tarefa 3 soma parcial = 8000.000000
Task 87 using 8 threads
Tarefa 87 thread 0 soma parcial = 1000.000000
Tarefa 87 thread 1 soma parcial = 1000.000000
Tarefa 87 thread 2 soma parcial = 1000.000000
Tarefa 87 thread 3 soma parcial = 1000.000000
Tarefa 87 thread 4 soma parcial = 1000.000000
Tarefa 87 thread 5 soma parcial = 1000.000000
Tarefa 87 thread 6 soma parcial = 1000.000000
Tarefa 87 thread 7 soma parcial = 1000.000000
Tarefa 87 soma parcial = 8000.000000
Task 51 using 8 threads
Tarefa 51 thread 1 soma parcial = 1000.000000
Tarefa 51 thread 2 soma parcial = 1000.000000
Tarefa 51 thread 3 soma parcial = 1000.000000
Tarefa 51 thread 0 soma parcial = 1000.000000
Tarefa 51 thread 4 soma parcial = 1000.000000
Tarefa 51 thread 5 soma parcial = 1000.000000
Tarefa 51 thread 6 soma parcial = 1000.000000
Tarefa 51 thread 7 soma parcial = 1000.000000
Tarefa 51 soma parcial = 8000.000000
Task 35 using 8 threads
Tarefa 35 thread 1 soma parcial = 1000.000000
Tarefa 35 thread 2 soma parcial = 1000.000000
Tarefa 35 thread 3 soma parcial = 1000.000000
Tarefa 35 thread 4 soma parcial = 1000.000000
Tarefa 35 thread 5 soma parcial = 1000.000000
Tarefa 35 thread 0 soma parcial = 1000.000000
Tarefa 35 thread 6 soma parcial = 1000.000000
Tarefa 35 thread 7 soma parcial = 1000.000000
Tarefa 35 soma parcial = 8000.000000
Task 92 using 8 threads
Tarefa 92 thread 6 soma parcial = 1000.000000
Tarefa 92 thread 1 soma parcial = 1000.000000
Tarefa 92 thread 2 soma parcial = 1000.000000
Tarefa 92 thread 3 soma parcial = 1000.000000
Tarefa 92 thread 4 soma parcial = 1000.000000
Tarefa 92 thread 5 soma parcial = 1000.000000
Tarefa 92 thread 7 soma parcial = 1000.000000
Tarefa 92 thread 0 soma parcial = 1000.000000
Tarefa 92 soma parcial = 8000.000000
Task 58 using 8 threads
Tarefa 58 thread 1 soma parcial = 1000.000000
Tarefa 58 thread 2 soma parcial = 1000.000000
Tarefa 58 thread 0 soma parcial = 1000.000000
Tarefa 58 thread 4 soma parcial = 1000.000000
Tarefa 58 thread 3 soma parcial = 1000.000000
Tarefa 58 thread 6 soma parcial = 1000.000000
Tarefa 58 thread 7 soma parcial = 1000.000000
Tarefa 58 thread 5 soma parcial = 1000.000000
Tarefa 58 soma parcial = 8000.000000
Task 37 using 8 threads
Tarefa 37 thread 1 soma parcial = 1000.000000
Tarefa 37 thread 7 soma parcial = 1000.000000
Tarefa 37 thread 6 soma parcial = 1000.000000
Tarefa 37 thread 3 soma parcial = 1000.000000
Tarefa 37 thread 0 soma parcial = 1000.000000
Tarefa 37 thread 4 soma parcial = 1000.000000
Tarefa 37 thread 5 soma parcial = 1000.000000
Tarefa 37 thread 2 soma parcial = 1000.000000
Tarefa 37 soma parcial = 8000.000000
Task 84 using 8 threads
Tarefa 84 thread 2 soma parcial = 1000.000000
Tarefa 84 thread 0 soma parcial = 1000.000000
Tarefa 84 thread 5 soma parcial = 1000.000000
Tarefa 84 thread 6 soma parcial = 1000.000000
Tarefa 84 thread 7 soma parcial = 1000.000000
Tarefa 84 thread 4 soma parcial = 1000.000000
Tarefa 84 thread 3 soma parcial = 1000.000000
Tarefa 84 thread 1 soma parcial = 1000.000000
Tarefa 84 soma parcial = 8000.000000
Task 73 using 8 threads
Tarefa 73 thread 1 soma parcial = 1000.000000
Tarefa 73 thread 3 soma parcial = 1000.000000
Tarefa 73 thread 0 soma parcial = 1000.000000
Tarefa 73 thread 4 soma parcial = 1000.000000
Tarefa 73 thread 5 soma parcial = 1000.000000
Tarefa 73 thread 6 soma parcial = 1000.000000
Tarefa 73 thread 2 soma parcial = 1000.000000
Tarefa 73 thread 7 soma parcial = 1000.000000
Tarefa 73 soma parcial = 8000.000000
Task 9 using 8 threads
Tarefa 9 thread 0 soma parcial = 1000.000000
Tarefa 9 thread 6 soma parcial = 1000.000000
Tarefa 9 thread 1 soma parcial = 1000.000000
Tarefa 9 thread 5 soma parcial = 1000.000000
Tarefa 9 thread 2 soma parcial = 1000.000000
Tarefa 9 thread 7 soma parcial = 1000.000000
Tarefa 9 thread 4 soma parcial = 1000.000000
Tarefa 9 thread 3 soma parcial = 1000.000000
Tarefa 9 soma parcial = 8000.000000
Task 85 using 8 threads
Tarefa 85 thread 1 soma parcial = 1000.000000
Tarefa 85 thread 2 soma parcial = 1000.000000
Tarefa 85 thread 3 soma parcial = 1000.000000
Tarefa 85 thread 4 soma parcial = 1000.000000
Tarefa 85 thread 5 soma parcial = 1000.000000
Tarefa 85 thread 6 soma parcial = 1000.000000
Tarefa 85 thread 7 soma parcial = 1000.000000
Tarefa 85 thread 0 soma parcial = 1000.000000
Tarefa 85 soma parcial = 8000.000000
Task 43 using 8 threads
Tarefa 43 thread 6 soma parcial = 1000.000000
Tarefa 43 thread 7 soma parcial = 1000.000000
Tarefa 43 thread 0 soma parcial = 1000.000000
Tarefa 43 thread 4 soma parcial = 1000.000000
Tarefa 43 thread 5 soma parcial = 1000.000000
Tarefa 43 thread 3 soma parcial = 1000.000000
Tarefa 43 thread 2 soma parcial = 1000.000000
Tarefa 43 thread 1 soma parcial = 1000.000000
Tarefa 43 soma parcial = 8000.000000
Task 12 using 8 threads
Tarefa 12 thread 0 soma parcial = 1000.000000
Tarefa 12 thread 1 soma parcial = 1000.000000
Tarefa 12 thread 2 soma parcial = 1000.000000
Tarefa 12 thread 3 soma parcial = 1000.000000
Tarefa 12 thread 4 soma parcial = 1000.000000
Tarefa 12 thread 5 soma parcial = 1000.000000
Tarefa 12 thread 6 soma parcial = 1000.000000
Tarefa 12 thread 7 soma parcial = 1000.000000
Tarefa 12 soma parcial = 8000.000000
Task 93 using 8 threads
Tarefa 93 thread 5 soma parcial = 1000.000000
Tarefa 93 thread 6 soma parcial = 1000.000000
Tarefa 93 thread 7 soma parcial = 1000.000000
Tarefa 93 thread 4 soma parcial = 1000.000000
Tarefa 93 thread 2 soma parcial = 1000.000000
Tarefa 93 thread 3 soma parcial = 1000.000000
Tarefa 93 thread 1 soma parcial = 1000.000000
Tarefa 93 thread 0 soma parcial = 1000.000000
Tarefa 93 soma parcial = 8000.000000
Task 50 using 8 threads
Tarefa 50 thread 1 soma parcial = 1000.000000
Tarefa 50 thread 4 soma parcial = 1000.000000
Tarefa 50 thread 5 soma parcial = 1000.000000
Tarefa 50 thread 6 soma parcial = 1000.000000
Tarefa 50 thread 0 soma parcial = 1000.000000
Tarefa 50 thread 7 soma parcial = 1000.000000
Tarefa 50 thread 2 soma parcial = 1000.000000
Tarefa 50 thread 3 soma parcial = 1000.000000
Tarefa 50 soma parcial = 8000.000000
Task 1 using 8 threads
Tarefa 1 thread 5 soma parcial = 1000.000000
Tarefa 1 thread 1 soma parcial = 1000.000000
Tarefa 1 thread 2 soma parcial = 1000.000000
Tarefa 1 thread 3 soma parcial = 1000.000000
Tarefa 1 thread 7 soma parcial = 1000.000000
Tarefa 1 thread 4 soma parcial = 1000.000000
Tarefa 1 thread 0 soma parcial = 1000.000000
Tarefa 1 thread 6 soma parcial = 1000.000000
Tarefa 1 soma parcial = 8000.000000
Task 94 using 8 threads
Tarefa 94 thread 2 soma parcial = 1000.000000
Tarefa 94 thread 3 soma parcial = 1000.000000
Tarefa 94 thread 4 soma parcial = 1000.000000
Tarefa 94 thread 1 soma parcial = 1000.000000
Tarefa 94 thread 6 soma parcial = 1000.000000
Tarefa 94 thread 5 soma parcial = 1000.000000
Tarefa 94 thread 0 soma parcial = 1000.000000
Tarefa 94 thread 7 soma parcial = 1000.000000
Tarefa 94 soma parcial = 8000.000000
Task 64 using 8 threads
Tarefa 64 thread 0 soma parcial = 1000.000000
Tarefa 64 thread 5 soma parcial = 1000.000000
Tarefa 64 thread 4 soma parcial = 1000.000000
Tarefa 64 thread 2 soma parcial = 1000.000000
Tarefa 64 thread 6 soma parcial = 1000.000000
Tarefa 64 thread 1 soma parcial = 1000.000000
Tarefa 64 thread 3 soma parcial = 1000.000000
Tarefa 64 thread 7 soma parcial = 1000.000000
Tarefa 64 soma parcial = 8000.000000
Task 8 using 8 threads
Tarefa 8 thread 1 soma parcial = 1000.000000
Tarefa 8 thread 2 soma parcial = 1000.000000
Tarefa 8 thread 3 soma parcial = 1000.000000
Tarefa 8 thread 0 soma parcial = 1000.000000
Tarefa 8 thread 4 soma parcial = 1000.000000
Tarefa 8 thread 5 soma parcial = 1000.000000
Tarefa 8 thread 6 soma parcial = 1000.000000
Tarefa 8 thread 7 soma parcial = 1000.000000
Tarefa 8 soma parcial = 8000.000000
Task 95 using 8 threads
Tarefa 95 thread 1 soma parcial = 1000.000000
Tarefa 95 thread 2 soma parcial = 1000.000000
Tarefa 95 thread 3 soma parcial = 1000.000000
Tarefa 95 thread 4 soma parcial = 1000.000000
Tarefa 95 thread 7 soma parcial = 1000.000000
Tarefa 95 thread 5 soma parcial = 1000.000000
Tarefa 95 thread 6 soma parcial = 1000.000000
Tarefa 95 thread 0 soma parcial = 1000.000000
Tarefa 95 soma parcial = 8000.000000
Task 74 using 8 threads
Tarefa 74 thread 0 soma parcial = 1000.000000
Tarefa 74 thread 7 soma parcial = 1000.000000
Tarefa 74 thread 5 soma parcial = 1000.000000
Tarefa 74 thread 6 soma parcial = 1000.000000
Tarefa 74 thread 4 soma parcial = 1000.000000
Tarefa 74 thread 3 soma parcial = 1000.000000
Tarefa 74 thread 2 soma parcial = 1000.000000
Tarefa 74 thread 1 soma parcial = 1000.000000
Tarefa 74 soma parcial = 8000.000000
Task 24 using 8 threads
Tarefa 24 thread 0 soma parcial = 1000.000000
Tarefa 24 thread 2 soma parcial = 1000.000000
Tarefa 24 thread 3 soma parcial = 1000.000000
Tarefa 24 thread 4 soma parcial = 1000.000000
Tarefa 24 thread 5 soma parcial = 1000.000000
Tarefa 24 thread 6 soma parcial = 1000.000000
Tarefa 24 thread 7 soma parcial = 1000.000000
Tarefa 24 thread 1 soma parcial = 1000.000000
Tarefa 24 soma parcial = 8000.000000
Task 96 using 8 threads
Tarefa 96 thread 0 soma parcial = 1000.000000
Tarefa 96 thread 7 soma parcial = 1000.000000
Tarefa 96 thread 6 soma parcial = 1000.000000
Tarefa 96 thread 5 soma parcial = 1000.000000
Tarefa 96 thread 4 soma parcial = 1000.000000
Tarefa 96 thread 3 soma parcial = 1000.000000
Tarefa 96 thread 2 soma parcial = 1000.000000
Tarefa 96 thread 1 soma parcial = 1000.000000
Tarefa 96 soma parcial = 8000.000000
Task 76 using 8 threads
Tarefa 76 thread 1 soma parcial = 1000.000000
Tarefa 76 thread 2 soma parcial = 1000.000000
Tarefa 76 thread 3 soma parcial = 1000.000000
Tarefa 76 thread 0 soma parcial = 1000.000000
Tarefa 76 thread 4 soma parcial = 1000.000000
Tarefa 76 thread 5 soma parcial = 1000.000000
Tarefa 76 thread 6 soma parcial = 1000.000000
Tarefa 76 thread 7 soma parcial = 1000.000000
Tarefa 76 soma parcial = 8000.000000
Task 34 using 8 threads
Tarefa 34 thread 5 soma parcial = 1000.000000
Tarefa 34 thread 2 soma parcial = 1000.000000
Tarefa 34 thread 4 soma parcial = 1000.000000
Tarefa 34 thread 0 soma parcial = 1000.000000
Tarefa 34 thread 6 soma parcial = 1000.000000
Tarefa 34 thread 3 soma parcial = 1000.000000
Tarefa 34 thread 1 soma parcial = 1000.000000
Tarefa 34 thread 7 soma parcial = 1000.000000
Tarefa 34 soma parcial = 8000.000000
Task 83 using 8 threads
Tarefa 83 thread 0 soma parcial = 1000.000000
Tarefa 83 thread 6 soma parcial = 1000.000000
Tarefa 83 thread 5 soma parcial = 1000.000000
Tarefa 83 thread 4 soma parcial = 1000.000000
Tarefa 83 thread 7 soma parcial = 1000.000000
Tarefa 83 thread 3 soma parcial = 1000.000000
Tarefa 83 thread 1 soma parcial = 1000.000000
Tarefa 83 thread 2 soma parcial = 1000.000000
Tarefa 83 soma parcial = 8000.000000
Task 53 using 8 threads
Tarefa 53 thread 0 soma parcial = 1000.000000
Tarefa 53 thread 6 soma parcial = 1000.000000
Tarefa 53 thread 5 soma parcial = 1000.000000
Tarefa 53 thread 4 soma parcial = 1000.000000
Tarefa 53 thread 1 soma parcial = 1000.000000
Tarefa 53 thread 7 soma parcial = 1000.000000
Tarefa 53 thread 2 soma parcial = 1000.000000
Tarefa 53 thread 3 soma parcial = 1000.000000
Tarefa 53 soma parcial = 8000.000000
Task 7 using 8 threads
Tarefa 7 thread 1 soma parcial = 1000.000000
Tarefa 7 thread 2 soma parcial = 1000.000000
Tarefa 7 thread 3 soma parcial = 1000.000000
Tarefa 7 thread 4 soma parcial = 1000.000000
Tarefa 7 thread 5 soma parcial = 1000.000000
Tarefa 7 thread 0 soma parcial = 1000.000000
Tarefa 7 thread 6 soma parcial = 1000.000000
Tarefa 7 thread 7 soma parcial = 1000.000000
Tarefa 7 soma parcial = 8000.000000
Task 89 using 8 threads
Tarefa 89 thread 1 soma parcial = 1000.000000
Tarefa 89 thread 2 soma parcial = 1000.000000
Tarefa 89 thread 3 soma parcial = 1000.000000
Tarefa 89 thread 4 soma parcial = 1000.000000
Tarefa 89 thread 5 soma parcial = 1000.000000
Tarefa 89 thread 6 soma parcial = 1000.000000
Tarefa 89 thread 0 soma parcial = 1000.000000
Tarefa 89 thread 7 soma parcial = 1000.000000
Tarefa 89 soma parcial = 8000.000000
Task 66 using 8 threads
Tarefa 66 thread 6 soma parcial = 1000.000000
Tarefa 66 thread 0 soma parcial = 1000.000000
Tarefa 66 thread 7 soma parcial = 1000.000000
Tarefa 66 thread 5 soma parcial = 1000.000000
Tarefa 66 thread 4 soma parcial = 1000.000000
Tarefa 66 thread 1 soma parcial = 1000.000000
Tarefa 66 thread 2 soma parcial = 1000.000000
Tarefa 66 thread 3 soma parcial = 1000.000000
Tarefa 66 soma parcial = 8000.000000
Task 10 using 8 threads
Tarefa 10 thread 0 soma parcial = 1000.000000
Tarefa 10 thread 1 soma parcial = 1000.000000
Tarefa 10 thread 2 soma parcial = 1000.000000
Tarefa 10 thread 3 soma parcial = 1000.000000
Tarefa 10 thread 4 soma parcial = 1000.000000
Tarefa 10 thread 5 soma parcial = 1000.000000
Tarefa 10 thread 6 soma parcial = 1000.000000
Tarefa 10 thread 7 soma parcial = 1000.000000
Tarefa 10 soma parcial = 8000.000000
Task 86 using 8 threads
Tarefa 86 thread 1 soma parcial = 1000.000000
Tarefa 86 thread 2 soma parcial = 1000.000000
Tarefa 86 thread 3 soma parcial = 1000.000000
Tarefa 86 thread 4 soma parcial = 1000.000000
Tarefa 86 thread 0 soma parcial = 1000.000000
Tarefa 86 thread 5 soma parcial = 1000.000000
Tarefa 86 thread 6 soma parcial = 1000.000000
Tarefa 86 thread 7 soma parcial = 1000.000000
Tarefa 86 soma parcial = 8000.000000
Task 49 using 8 threads
Tarefa 49 thread 0 soma parcial = 1000.000000
Tarefa 49 thread 1 soma parcial = 1000.000000
Tarefa 49 thread 2 soma parcial = 1000.000000
Tarefa 49 thread 3 soma parcial = 1000.000000
Tarefa 49 thread 4 soma parcial = 1000.000000
Tarefa 49 thread 5 soma parcial = 1000.000000
Tarefa 49 thread 6 soma parcial = 1000.000000
Tarefa 49 thread 7 soma parcial = 1000.000000
Tarefa 49 soma parcial = 8000.000000
Task 6 using 8 threads
Tarefa 6 thread 1 soma parcial = 1000.000000
Tarefa 6 thread 3 soma parcial = 1000.000000
Tarefa 6 thread 2 soma parcial = 1000.000000
Tarefa 6 thread 0 soma parcial = 1000.000000
Tarefa 6 thread 7 soma parcial = 1000.000000
Tarefa 6 thread 5 soma parcial = 1000.000000
Tarefa 6 thread 4 soma parcial = 1000.000000
Tarefa 6 thread 6 soma parcial = 1000.000000
Tarefa 6 soma parcial = 8000.000000
Task 91 using 8 threads
Tarefa 91 thread 0 soma parcial = 1000.000000
Tarefa 91 thread 7 soma parcial = 1000.000000
Tarefa 91 thread 6 soma parcial = 1000.000000
Tarefa 91 thread 5 soma parcial = 1000.000000
Tarefa 91 thread 4 soma parcial = 1000.000000
Tarefa 91 thread 3 soma parcial = 1000.000000
Tarefa 91 thread 2 soma parcial = 1000.000000
Tarefa 91 thread 1 soma parcial = 1000.000000
Tarefa 91 soma parcial = 8000.000000
Task 46 using 8 threads
Tarefa 46 thread 0 soma parcial = 1000.000000
Tarefa 46 thread 5 soma parcial = 1000.000000
Tarefa 46 thread 6 soma parcial = 1000.000000
Tarefa 46 thread 7 soma parcial = 1000.000000
Tarefa 46 thread 4 soma parcial = 1000.000000
Tarefa 46 thread 3 soma parcial = 1000.000000
Tarefa 46 thread 2 soma parcial = 1000.000000
Tarefa 46 thread 1 soma parcial = 1000.000000
Tarefa 46 soma parcial = 8000.000000
Task 2 using 8 threads
Tarefa 2 thread 1 soma parcial = 1000.000000
Tarefa 2 thread 2 soma parcial = 1000.000000
Tarefa 2 thread 3 soma parcial = 1000.000000
Tarefa 2 thread 4 soma parcial = 1000.000000
Tarefa 2 thread 0 soma parcial = 1000.000000
Tarefa 2 thread 5 soma parcial = 1000.000000
Tarefa 2 thread 6 soma parcial = 1000.000000
Tarefa 2 thread 7 soma parcial = 1000.000000
Tarefa 2 soma parcial = 8000.000000
Task 98 using 8 threads
Tarefa 98 thread 1 soma parcial = 1000.000000
Tarefa 98 thread 2 soma parcial = 1000.000000
Tarefa 98 thread 3 soma parcial = 1000.000000
Tarefa 98 thread 0 soma parcial = 1000.000000
Tarefa 98 thread 4 soma parcial = 1000.000000
Tarefa 98 thread 5 soma parcial = 1000.000000
Tarefa 98 thread 6 soma parcial = 1000.000000
Tarefa 98 thread 7 soma parcial = 1000.000000
Tarefa 98 soma parcial = 8000.000000
Task 62 using 8 threads
Tarefa 62 thread 1 soma parcial = 1000.000000
Tarefa 62 thread 2 soma parcial = 1000.000000
Tarefa 62 thread 6 soma parcial = 1000.000000
Tarefa 62 thread 5 soma parcial = 1000.000000
Tarefa 62 thread 4 soma parcial = 1000.000000
Tarefa 62 thread 3 soma parcial = 1000.000000
Tarefa 62 thread 7 soma parcial = 1000.000000
Tarefa 62 thread 0 soma parcial = 1000.000000
Tarefa 62 soma parcial = 8000.000000
Task 26 using 8 threads
Tarefa 26 thread 7 soma parcial = 1000.000000
Tarefa 26 thread 6 soma parcial = 1000.000000
Tarefa 26 thread 0 soma parcial = 1000.000000
Tarefa 26 thread 4 soma parcial = 1000.000000
Tarefa 26 thread 5 soma parcial = 1000.000000
Tarefa 26 thread 1 soma parcial = 1000.000000
Tarefa 26 thread 2 soma parcial = 1000.000000
Tarefa 26 thread 3 soma parcial = 1000.000000
Tarefa 26 soma parcial = 8000.000000
Task 82 using 8 threads
Tarefa 82 thread 1 soma parcial = 1000.000000
Tarefa 82 thread 2 soma parcial = 1000.000000
Tarefa 82 thread 6 soma parcial = 1000.000000
Tarefa 82 thread 5 soma parcial = 1000.000000
Tarefa 82 thread 3 soma parcial = 1000.000000
Tarefa 82 thread 4 soma parcial = 1000.000000
Tarefa 82 thread 7 soma parcial = 1000.000000
Tarefa 82 thread 0 soma parcial = 1000.000000
Tarefa 82 soma parcial = 8000.000000
Task 59 using 8 threads
Tarefa 59 thread 0 soma parcial = 1000.000000
Tarefa 59 thread 6 soma parcial = 1000.000000
Tarefa 59 thread 7 soma parcial = 1000.000000
Tarefa 59 thread 5 soma parcial = 1000.000000
Tarefa 59 thread 4 soma parcial = 1000.000000
Tarefa 59 thread 3 soma parcial = 1000.000000
Tarefa 59 thread 1 soma parcial = 1000.000000
Tarefa 59 thread 2 soma parcial = 1000.000000
Tarefa 59 soma parcial = 8000.000000
Task 16 using 8 threads
Tarefa 16 thread 1 soma parcial = 1000.000000
Tarefa 16 thread 4 soma parcial = 1000.000000
Tarefa 16 thread 5 soma parcial = 1000.000000
Tarefa 16 thread 0 soma parcial = 1000.000000
Tarefa 16 thread 6 soma parcial = 1000.000000
Tarefa 16 thread 7 soma parcial = 1000.000000
Tarefa 16 thread 2 soma parcial = 1000.000000
Tarefa 16 thread 3 soma parcial = 1000.000000
Tarefa 16 soma parcial = 8000.000000
Task 99 using 8 threads
Tarefa 99 thread 0 soma parcial = 1000.000000
Tarefa 99 thread 1 soma parcial = 1000.000000
Tarefa 99 thread 2 soma parcial = 1000.000000
Tarefa 99 thread 3 soma parcial = 1000.000000
Tarefa 99 thread 4 soma parcial = 1000.000000
Tarefa 99 thread 5 soma parcial = 1000.000000
Tarefa 99 thread 6 soma parcial = 1000.000000
Tarefa 99 thread 7 soma parcial = 1000.000000
Tarefa 99 soma parcial = 8000.000000
Task 56 using 8 threads
Tarefa 56 thread 1 soma parcial = 1000.000000
Tarefa 56 thread 2 soma parcial = 1000.000000
Tarefa 56 thread 3 soma parcial = 1000.000000
Tarefa 56 thread 4 soma parcial = 1000.000000
Tarefa 56 thread 7 soma parcial = 1000.000000
Tarefa 56 thread 5 soma parcial = 1000.000000
Tarefa 56 thread 6 soma parcial = 1000.000000
Tarefa 56 thread 0 soma parcial = 1000.000000
Tarefa 56 soma parcial = 8000.000000
Task 21 using 8 threads
Tarefa 21 thread 1 soma parcial = 1000.000000
Tarefa 21 thread 2 soma parcial = 1000.000000
Tarefa 21 thread 3 soma parcial = 1000.000000
Tarefa 21 thread 4 soma parcial = 1000.000000
Tarefa 21 thread 5 soma parcial = 1000.000000
Tarefa 21 thread 0 soma parcial = 1000.000000
Tarefa 21 thread 6 soma parcial = 1000.000000
Tarefa 21 thread 7 soma parcial = 1000.000000
Tarefa 21 soma parcial = 8000.000000
Task 72 using 8 threads
Tarefa 72 thread 0 soma parcial = 1000.000000
Tarefa 72 thread 5 soma parcial = 1000.000000
Tarefa 72 thread 3 soma parcial = 1000.000000
Tarefa 72 thread 4 soma parcial = 1000.000000
Tarefa 72 thread 2 soma parcial = 1000.000000
Tarefa 72 thread 7 soma parcial = 1000.000000
Tarefa 72 thread 6 soma parcial = 1000.000000
Tarefa 72 thread 1 soma parcial = 1000.000000
Tarefa 72 soma parcial = 8000.000000
Iniciando omp_mpiprodutoescalar600172. Usando 100 tarefas...
Task 0 using 8 threads
Tarefa 0 thread 2 soma parcial = 1000.000000
Tarefa 0 thread 3 soma parcial = 1000.000000
Tarefa 0 thread 6 soma parcial = 1000.000000
Tarefa 0 thread 7 soma parcial = 1000.000000
Tarefa 0 thread 0 soma parcial = 1000.000000
Tarefa 0 thread 4 soma parcial = 1000.000000
Tarefa 0 thread 5 soma parcial = 1000.000000
Tarefa 0 thread 1 soma parcial = 1000.000000
Tarefa 0 soma parcial = 8000.000000
Finalizado. Versão hibrida: soma global  =  800000.000000 
Task 77 using 8 threads
Tarefa 77 thread 1 soma parcial = 1000.000000
Tarefa 77 thread 2 soma parcial = 1000.000000
Tarefa 77 thread 3 soma parcial = 1000.000000
Tarefa 77 thread 4 soma parcial = 1000.000000
Tarefa 77 thread 5 soma parcial = 1000.000000
Tarefa 77 thread 6 soma parcial = 1000.000000
Tarefa 77 thread 0 soma parcial = 1000.000000
Tarefa 77 thread 7 soma parcial = 1000.000000
Tarefa 77 soma parcial = 8000.000000
Task 4 using 8 threads
Tarefa 4 thread 1 soma parcial = 1000.000000
Tarefa 4 thread 2 soma parcial = 1000.000000
Tarefa 4 thread 5 soma parcial = 1000.000000
Tarefa 4 thread 4 soma parcial = 1000.000000
Tarefa 4 thread 0 soma parcial = 1000.000000
Tarefa 4 thread 6 soma parcial = 1000.000000
Tarefa 4 thread 3 soma parcial = 1000.000000
Tarefa 4 thread 7 soma parcial = 1000.000000
Tarefa 4 soma parcial = 8000.000000
Task 71 using 8 threads
Tarefa 71 thread 4 soma parcial = 1000.000000
Tarefa 71 thread 3 soma parcial = 1000.000000
Tarefa 71 thread 0 soma parcial = 1000.000000
Tarefa 71 thread 7 soma parcial = 1000.000000
Tarefa 71 thread 6 soma parcial = 1000.000000
Tarefa 71 thread 5 soma parcial = 1000.000000
Tarefa 71 thread 1 soma parcial = 1000.000000
Tarefa 71 thread 2 soma parcial = 1000.000000
Tarefa 71 soma parcial = 8000.000000
Task 19 using 8 threads
Tarefa 19 thread 6 soma parcial = 1000.000000
Tarefa 19 thread 0 soma parcial = 1000.000000
Tarefa 19 thread 7 soma parcial = 1000.000000
Tarefa 19 thread 4 soma parcial = 1000.000000
Tarefa 19 thread 5 soma parcial = 1000.000000
Tarefa 19 thread 3 soma parcial = 1000.000000
Tarefa 19 thread 1 soma parcial = 1000.000000
Tarefa 19 thread 2 soma parcial = 1000.000000
Tarefa 19 soma parcial = 8000.000000
Task 65 using 8 threads
Tarefa 65 thread 0 soma parcial = 1000.000000
Tarefa 65 thread 7 soma parcial = 1000.000000
Tarefa 65 thread 6 soma parcial = 1000.000000
Tarefa 65 thread 5 soma parcial = 1000.000000
Tarefa 65 thread 4 soma parcial = 1000.000000
Tarefa 65 thread 3 soma parcial = 1000.000000
Tarefa 65 thread 2 soma parcial = 1000.000000
Tarefa 65 thread 1 soma parcial = 1000.000000
Tarefa 65 soma parcial = 8000.000000
Task 22 using 8 threads
Tarefa 22 thread 6 soma parcial = 1000.000000
Tarefa 22 thread 2 soma parcial = 1000.000000
Tarefa 22 thread 4 soma parcial = 1000.000000
Tarefa 22 thread 1 soma parcial = 1000.000000
Tarefa 22 thread 5 soma parcial = 1000.000000
Tarefa 22 thread 3 soma parcial = 1000.000000
Tarefa 22 thread 7 soma parcial = 1000.000000
Tarefa 22 thread 0 soma parcial = 1000.000000
Tarefa 22 soma parcial = 8000.000000
Task 61 using 8 threads
Tarefa 61 thread 0 soma parcial = 1000.000000
Tarefa 61 thread 7 soma parcial = 1000.000000
Tarefa 61 thread 1 soma parcial = 1000.000000
Tarefa 61 thread 2 soma parcial = 1000.000000
Tarefa 61 thread 3 soma parcial = 1000.000000
Tarefa 61 thread 4 soma parcial = 1000.000000
Tarefa 61 thread 5 soma parcial = 1000.000000
Tarefa 61 thread 6 soma parcial = 1000.000000
Tarefa 61 soma parcial = 8000.000000
Task 30 using 8 threads
Tarefa 30 thread 0 soma parcial = 1000.000000
Tarefa 30 thread 7 soma parcial = 1000.000000
Tarefa 30 thread 6 soma parcial = 1000.000000
Tarefa 30 thread 5 soma parcial = 1000.000000
Tarefa 30 thread 3 soma parcial = 1000.000000
Tarefa 30 thread 1 soma parcial = 1000.000000
Tarefa 30 thread 4 soma parcial = 1000.000000
Tarefa 30 thread 2 soma parcial = 1000.000000
Tarefa 30 soma parcial = 8000.000000
Task 44 using 8 threads
Tarefa 44 thread 0 soma parcial = 1000.000000
Tarefa 44 thread 1 soma parcial = 1000.000000
Tarefa 44 thread 2 soma parcial = 1000.000000
Tarefa 44 thread 3 soma parcial = 1000.000000
Tarefa 44 thread 4 soma parcial = 1000.000000
Tarefa 44 thread 5 soma parcial = 1000.000000
Tarefa 44 thread 6 soma parcial = 1000.000000
Tarefa 44 thread 7 soma parcial = 1000.000000
Tarefa 44 soma parcial = 8000.000000
Task 15 using 8 threads
Tarefa 15 thread 0 soma parcial = 1000.000000
Tarefa 15 thread 7 soma parcial = 1000.000000
Tarefa 15 thread 6 soma parcial = 1000.000000
Tarefa 15 thread 5 soma parcial = 1000.000000
Tarefa 15 thread 3 soma parcial = 1000.000000
Tarefa 15 thread 2 soma parcial = 1000.000000
Tarefa 15 thread 1 soma parcial = 1000.000000
Tarefa 15 thread 4 soma parcial = 1000.000000
Tarefa 15 soma parcial = 8000.000000
Task 40 using 8 threads
Tarefa 40 thread 6 soma parcial = 1000.000000
Tarefa 40 thread 0 soma parcial = 1000.000000
Tarefa 40 thread 7 soma parcial = 1000.000000
Tarefa 40 thread 5 soma parcial = 1000.000000
Tarefa 40 thread 4 soma parcial = 1000.000000
Tarefa 40 thread 3 soma parcial = 1000.000000
Tarefa 40 thread 2 soma parcial = 1000.000000
Tarefa 40 thread 1 soma parcial = 1000.000000
Tarefa 40 soma parcial = 8000.000000
Task 23 using 8 threads
Tarefa 23 thread 1 soma parcial = 1000.000000
Tarefa 23 thread 6 soma parcial = 1000.000000
Tarefa 23 thread 7 soma parcial = 1000.000000
Tarefa 23 thread 2 soma parcial = 1000.000000
Tarefa 23 thread 0 soma parcial = 1000.000000
Tarefa 23 thread 3 soma parcial = 1000.000000
Tarefa 23 thread 4 soma parcial = 1000.000000
Tarefa 23 thread 5 soma parcial = 1000.000000
Tarefa 23 soma parcial = 8000.000000
Task 48 using 8 threads
Tarefa 48 thread 1 soma parcial = 1000.000000
Tarefa 48 thread 2 soma parcial = 1000.000000
Tarefa 48 thread 4 soma parcial = 1000.000000
Tarefa 48 thread 3 soma parcial = 1000.000000
Tarefa 48 thread 5 soma parcial = 1000.000000
Tarefa 48 thread 0 soma parcial = 1000.000000
Tarefa 48 thread 6 soma parcial = 1000.000000
Tarefa 48 thread 7 soma parcial = 1000.000000
Tarefa 48 soma parcial = 8000.000000
Task 31 using 8 threads
Tarefa 31 thread 0 soma parcial = 1000.000000
Tarefa 31 thread 1 soma parcial = 1000.000000
Tarefa 31 thread 2 soma parcial = 1000.000000
Tarefa 31 thread 3 soma parcial = 1000.000000
Tarefa 31 thread 4 soma parcial = 1000.000000
Tarefa 31 thread 5 soma parcial = 1000.000000
Tarefa 31 thread 6 soma parcial = 1000.000000
Tarefa 31 thread 7 soma parcial = 1000.000000
Tarefa 31 soma parcial = 8000.000000
Task 41 using 8 threads
Tarefa 41 thread 0 soma parcial = 1000.000000
Tarefa 41 thread 7 soma parcial = 1000.000000
Tarefa 41 thread 5 soma parcial = 1000.000000
Tarefa 41 thread 4 soma parcial = 1000.000000
Tarefa 41 thread 3 soma parcial = 1000.000000
Tarefa 41 thread 2 soma parcial = 1000.000000
Tarefa 41 thread 1 soma parcial = 1000.000000
Tarefa 41 thread 6 soma parcial = 1000.000000
Tarefa 41 soma parcial = 8000.000000
Task 20 using 8 threads
Tarefa 20 thread 4 soma parcial = 1000.000000
Tarefa 20 thread 0 soma parcial = 1000.000000
Tarefa 20 thread 3 soma parcial = 1000.000000
Tarefa 20 thread 2 soma parcial = 1000.000000
Tarefa 20 thread 1 soma parcial = 1000.000000
Tarefa 20 thread 5 soma parcial = 1000.000000
Tarefa 20 thread 6 soma parcial = 1000.000000
Tarefa 20 thread 7 soma parcial = 1000.000000
Tarefa 20 soma parcial = 8000.000000
Task 78 using 8 threads
Tarefa 78 thread 0 soma parcial = 1000.000000
Tarefa 78 thread 1 soma parcial = 1000.000000
Tarefa 78 thread 2 soma parcial = 1000.000000
Tarefa 78 thread 3 soma parcial = 1000.000000
Tarefa 78 thread 4 soma parcial = 1000.000000
Tarefa 78 thread 5 soma parcial = 1000.000000
Tarefa 78 thread 6 soma parcial = 1000.000000
Tarefa 78 thread 7 soma parcial = 1000.000000
Tarefa 78 soma parcial = 8000.000000
Task 33 using 8 threads
Tarefa 33 thread 1 soma parcial = 1000.000000
Tarefa 33 thread 4 soma parcial = 1000.000000
Tarefa 33 thread 5 soma parcial = 1000.000000
Tarefa 33 thread 6 soma parcial = 1000.000000
Tarefa 33 thread 0 soma parcial = 1000.000000
Tarefa 33 thread 7 soma parcial = 1000.000000
Tarefa 33 thread 2 soma parcial = 1000.000000
Tarefa 33 thread 3 soma parcial = 1000.000000
Tarefa 33 soma parcial = 8000.000000
Task 57 using 8 threads
Tarefa 57 thread 1 soma parcial = 1000.000000
Tarefa 57 thread 2 soma parcial = 1000.000000
Tarefa 57 thread 3 soma parcial = 1000.000000
Tarefa 57 thread 4 soma parcial = 1000.000000
Tarefa 57 thread 6 soma parcial = 1000.000000
Tarefa 57 thread 5 soma parcial = 1000.000000
Tarefa 57 thread 0 soma parcial = 1000.000000
Tarefa 57 thread 7 soma parcial = 1000.000000
Tarefa 57 soma parcial = 8000.000000
Task 13 using 8 threads
Tarefa 13 thread 0 soma parcial = 1000.000000
Tarefa 13 thread 2 soma parcial = 1000.000000
Tarefa 13 thread 6 soma parcial = 1000.000000
Tarefa 13 thread 5 soma parcial = 1000.000000
Tarefa 13 thread 4 soma parcial = 1000.000000
Tarefa 13 thread 3 soma parcial = 1000.000000
Tarefa 13 thread 1 soma parcial = 1000.000000
Tarefa 13 thread 7 soma parcial = 1000.000000
Tarefa 13 soma parcial = 8000.000000
Task 63 using 8 threads
Tarefa 63 thread 1 soma parcial = 1000.000000
Tarefa 63 thread 2 soma parcial = 1000.000000
Tarefa 63 thread 3 soma parcial = 1000.000000
Tarefa 63 thread 0 soma parcial = 1000.000000
Tarefa 63 thread 4 soma parcial = 1000.000000
Tarefa 63 thread 5 soma parcial = 1000.000000
Tarefa 63 thread 6 soma parcial = 1000.000000
Tarefa 63 thread 7 soma parcial = 1000.000000
Tarefa 63 soma parcial = 8000.000000
Task 14 using 8 threads
Tarefa 14 thread 1 soma parcial = 1000.000000
Tarefa 14 thread 6 soma parcial = 1000.000000
Tarefa 14 thread 3 soma parcial = 1000.000000
Tarefa 14 thread 2 soma parcial = 1000.000000
Tarefa 14 thread 0 soma parcial = 1000.000000
Tarefa 14 thread 7 soma parcial = 1000.000000
Tarefa 14 thread 4 soma parcial = 1000.000000
Tarefa 14 thread 5 soma parcial = 1000.000000
Tarefa 14 soma parcial = 8000.000000
Task 55 using 8 threads
Tarefa 55 thread 2 soma parcial = 1000.000000
Tarefa 55 thread 0 soma parcial = 1000.000000
Tarefa 55 thread 4 soma parcial = 1000.000000
Tarefa 55 thread 1 soma parcial = 1000.000000
Tarefa 55 thread 3 soma parcial = 1000.000000
Tarefa 55 thread 6 soma parcial = 1000.000000
Tarefa 55 thread 5 soma parcial = 1000.000000
Tarefa 55 thread 7 soma parcial = 1000.000000
Tarefa 55 soma parcial = 8000.000000
Task 28 using 8 threads
Tarefa 28 thread 4 soma parcial = 1000.000000
Tarefa 28 thread 5 soma parcial = 1000.000000
Tarefa 28 thread 6 soma parcial = 1000.000000
Tarefa 28 thread 7 soma parcial = 1000.000000
Tarefa 28 thread 0 soma parcial = 1000.000000
Tarefa 28 thread 3 soma parcial = 1000.000000
Tarefa 28 thread 2 soma parcial = 1000.000000
Tarefa 28 thread 1 soma parcial = 1000.000000
Tarefa 28 soma parcial = 8000.000000
Task 54 using 8 threads
Tarefa 54 thread 0 soma parcial = 1000.000000
Tarefa 54 thread 6 soma parcial = 1000.000000
Tarefa 54 thread 5 soma parcial = 1000.000000
Tarefa 54 thread 4 soma parcial = 1000.000000
Tarefa 54 thread 7 soma parcial = 1000.000000
Tarefa 54 thread 1 soma parcial = 1000.000000
Tarefa 54 thread 2 soma parcial = 1000.000000
Tarefa 54 thread 3 soma parcial = 1000.000000
Tarefa 54 soma parcial = 8000.000000
Task 32 using 8 threads
Tarefa 32 thread 2 soma parcial = 1000.000000
Tarefa 32 thread 6 soma parcial = 1000.000000
Tarefa 32 thread 0 soma parcial = 1000.000000
Tarefa 32 thread 4 soma parcial = 1000.000000
Tarefa 32 thread 5 soma parcial = 1000.000000
Tarefa 32 thread 7 soma parcial = 1000.000000
Tarefa 32 thread 3 soma parcial = 1000.000000
Tarefa 32 thread 1 soma parcial = 1000.000000
Tarefa 32 soma parcial = 8000.000000
Task 75 using 8 threads
Tarefa 75 thread 1 soma parcial = 1000.000000
Tarefa 75 thread 3 soma parcial = 1000.000000
Tarefa 75 thread 4 soma parcial = 1000.000000
Tarefa 75 thread 5 soma parcial = 1000.000000
Tarefa 75 thread 2 soma parcial = 1000.000000
Tarefa 75 thread 6 soma parcial = 1000.000000
Tarefa 75 thread 7 soma parcial = 1000.000000
Tarefa 75 thread 0 soma parcial = 1000.000000
Tarefa 75 soma parcial = 8000.000000
Task 29 using 8 threads
Tarefa 29 thread 3 soma parcial = 1000.000000
Tarefa 29 thread 0 soma parcial = 1000.000000
Tarefa 29 thread 7 soma parcial = 1000.000000
Tarefa 29 thread 6 soma parcial = 1000.000000
Tarefa 29 thread 2 soma parcial = 1000.000000
Tarefa 29 thread 4 soma parcial = 1000.000000
Tarefa 29 thread 5 soma parcial = 1000.000000
Tarefa 29 thread 1 soma parcial = 1000.000000
Tarefa 29 soma parcial = 8000.000000
Task 70 using 8 threads
Tarefa 70 thread 7 soma parcial = 1000.000000
Tarefa 70 thread 0 soma parcial = 1000.000000
Tarefa 70 thread 5 soma parcial = 1000.000000
Tarefa 70 thread 3 soma parcial = 1000.000000
Tarefa 70 thread 6 soma parcial = 1000.000000
Tarefa 70 thread 2 soma parcial = 1000.000000
Tarefa 70 thread 1 soma parcial = 1000.000000
Tarefa 70 thread 4 soma parcial = 1000.000000
Tarefa 70 soma parcial = 8000.000000
Task 18 using 8 threads
Tarefa 18 thread 1 soma parcial = 1000.000000
Tarefa 18 thread 2 soma parcial = 1000.000000
Tarefa 18 thread 3 soma parcial = 1000.000000
Tarefa 18 thread 4 soma parcial = 1000.000000
Tarefa 18 thread 5 soma parcial = 1000.000000
Tarefa 18 thread 0 soma parcial = 1000.000000
Tarefa 18 thread 6 soma parcial = 1000.000000
Tarefa 18 thread 7 soma parcial = 1000.000000
Tarefa 18 soma parcial = 8000.000000
Task 45 using 8 threads
Tarefa 45 thread 6 soma parcial = 1000.000000
Tarefa 45 thread 0 soma parcial = 1000.000000
Tarefa 45 thread 5 soma parcial = 1000.000000
Tarefa 45 thread 4 soma parcial = 1000.000000
Tarefa 45 thread 3 soma parcial = 1000.000000
Tarefa 45 thread 7 soma parcial = 1000.000000
Tarefa 45 thread 2 soma parcial = 1000.000000
Tarefa 45 thread 1 soma parcial = 1000.000000
Tarefa 45 soma parcial = 8000.000000
Task 5 using 8 threads
Tarefa 5 thread 1 soma parcial = 1000.000000
Tarefa 5 thread 2 soma parcial = 1000.000000
Tarefa 5 thread 7 soma parcial = 1000.000000
Tarefa 5 thread 0 soma parcial = 1000.000000
Tarefa 5 thread 3 soma parcial = 1000.000000
Tarefa 5 thread 4 soma parcial = 1000.000000
Tarefa 5 thread 5 soma parcial = 1000.000000
Tarefa 5 thread 6 soma parcial = 1000.000000
Tarefa 5 soma parcial = 8000.000000
Task 68 using 8 threads
Tarefa 68 thread 6 soma parcial = 1000.000000
Tarefa 68 thread 3 soma parcial = 1000.000000
Tarefa 68 thread 5 soma parcial = 1000.000000
Tarefa 68 thread 7 soma parcial = 1000.000000
Tarefa 68 thread 4 soma parcial = 1000.000000
Tarefa 68 thread 2 soma parcial = 1000.000000
Tarefa 68 thread 0 soma parcial = 1000.000000
Tarefa 68 thread 1 soma parcial = 1000.000000
Tarefa 68 soma parcial = 8000.000000
Task 11 using 8 threads
Tarefa 11 thread 0 soma parcial = 1000.000000
Tarefa 11 thread 4 soma parcial = 1000.000000
Tarefa 11 thread 5 soma parcial = 1000.000000
Tarefa 11 thread 6 soma parcial = 1000.000000
Tarefa 11 thread 3 soma parcial = 1000.000000
Tarefa 11 thread 1 soma parcial = 1000.000000
Tarefa 11 thread 2 soma parcial = 1000.000000
Tarefa 11 thread 7 soma parcial = 1000.000000
Tarefa 11 soma parcial = 8000.000000
Task 47 using 8 threads
Tarefa 47 thread 0 soma parcial = 1000.000000
Tarefa 47 thread 7 soma parcial = 1000.000000
Tarefa 47 thread 5 soma parcial = 1000.000000
Tarefa 47 thread 6 soma parcial = 1000.000000
Tarefa 47 thread 4 soma parcial = 1000.000000
Tarefa 47 thread 3 soma parcial = 1000.000000
Tarefa 47 thread 2 soma parcial = 1000.000000
Tarefa 47 thread 1 soma parcial = 1000.000000
Tarefa 47 soma parcial = 8000.000000
Task 25 using 8 threads
Tarefa 25 thread 0 soma parcial = 1000.000000
Tarefa 25 thread 7 soma parcial = 1000.000000
Tarefa 25 thread 6 soma parcial = 1000.000000
Tarefa 25 thread 5 soma parcial = 1000.000000
Tarefa 25 thread 4 soma parcial = 1000.000000
Tarefa 25 thread 3 soma parcial = 1000.000000
Tarefa 25 thread 2 soma parcial = 1000.000000
Tarefa 25 thread 1 soma parcial = 1000.000000
Tarefa 25 soma parcial = 8000.000000
Task 67 using 8 threads
Tarefa 67 thread 0 soma parcial = 1000.000000
Tarefa 67 thread 7 soma parcial = 1000.000000
Tarefa 67 thread 6 soma parcial = 1000.000000
Tarefa 67 thread 5 soma parcial = 1000.000000
Tarefa 67 thread 4 soma parcial = 1000.000000
Tarefa 67 thread 3 soma parcial = 1000.000000
Tarefa 67 thread 2 soma parcial = 1000.000000
Tarefa 67 thread 1 soma parcial = 1000.000000
Tarefa 67 soma parcial = 8000.000000
Task 27 using 8 threads
Tarefa 27 thread 0 soma parcial = 1000.000000
Tarefa 27 thread 7 soma parcial = 1000.000000
Tarefa 27 thread 6 soma parcial = 1000.000000
Tarefa 27 thread 5 soma parcial = 1000.000000
Tarefa 27 thread 4 soma parcial = 1000.000000
Tarefa 27 thread 3 soma parcial = 1000.000000
Tarefa 27 thread 2 soma parcial = 1000.000000
Tarefa 27 thread 1 soma parcial = 1000.000000
Tarefa 27 soma parcial = 8000.000000
Task 52 using 8 threads
Tarefa 52 thread 6 soma parcial = 1000.000000
Tarefa 52 thread 7 soma parcial = 1000.000000
Tarefa 52 thread 3 soma parcial = 1000.000000
Tarefa 52 thread 2 soma parcial = 1000.000000
Tarefa 52 thread 4 soma parcial = 1000.000000
Tarefa 52 thread 1 soma parcial = 1000.000000
Tarefa 52 thread 0 soma parcial = 1000.000000
Tarefa 52 thread 5 soma parcial = 1000.000000
Tarefa 52 soma parcial = 8000.000000
Task 38 using 8 threads
Tarefa 38 thread 4 soma parcial = 1000.000000
Tarefa 38 thread 5 soma parcial = 1000.000000
Tarefa 38 thread 1 soma parcial = 1000.000000
Tarefa 38 thread 2 soma parcial = 1000.000000
Tarefa 38 thread 6 soma parcial = 1000.000000
Tarefa 38 thread 7 soma parcial = 1000.000000
Tarefa 38 thread 0 soma parcial = 1000.000000
Tarefa 38 thread 3 soma parcial = 1000.000000
Tarefa 38 soma parcial = 8000.000000
Task 36 using 8 threads
Tarefa 36 thread 4 soma parcial = 1000.000000
Tarefa 36 thread 3 soma parcial = 1000.000000
Tarefa 36 thread 0 soma parcial = 1000.000000
Tarefa 36 thread 2 soma parcial = 1000.000000
Tarefa 36 thread 1 soma parcial = 1000.000000
Tarefa 36 thread 5 soma parcial = 1000.000000
Tarefa 36 thread 6 soma parcial = 1000.000000
Tarefa 36 thread 7 soma parcial = 1000.000000
Tarefa 36 soma parcial = 8000.000000
Enviando output...
